<?xml version="1.0" encoding="UTF-8"?>
<robot generator="Robot 6.0.1 (Python 3.8.10 on linux)" generated="20221228 13:43:20.595" rpa="false" schemaversion="3">
<suite id="s1" name="robotFramework" source="/home/isuzuotonom/Desktop/robotFramework">
<suite id="s1-s1" name="C02 Collections" source="/home/isuzuotonom/Desktop/robotFramework/C02_Collections.robot">
<test id="s1-s1-t1" name="Collections" line="5">
<kw name="Create List" library="BuiltIn">
<var>${names}</var>
<doc>Returns a list containing given items.</doc>
<msg timestamp="20221228 13:43:20.631" level="INFO">${names} = []</msg>
<status status="PASS" starttime="20221228 13:43:20.630" endtime="20221228 13:43:20.631"/>
</kw>
<kw name="Append To List" library="Collections">
<arg>${names}</arg>
<arg>Omer</arg>
<arg>Poyraz</arg>
<arg>Hakan</arg>
<arg>Mehmet</arg>
<arg>Fatih</arg>
<doc>Adds ``values`` to the end of ``list``.</doc>
<status status="PASS" starttime="20221228 13:43:20.632" endtime="20221228 13:43:20.633"/>
</kw>
<kw name="Log To Console" library="BuiltIn">
<arg>${names}</arg>
<doc>Logs the given message to the console.</doc>
<status status="PASS" starttime="20221228 13:43:20.633" endtime="20221228 13:43:20.634"/>
</kw>
<kw name="Get From List" library="Collections">
<var>${e}</var>
<arg>${names}</arg>
<arg>0</arg>
<doc>Returns the value specified with an ``index`` from ``list``.</doc>
<msg timestamp="20221228 13:43:20.635" level="INFO">${e} = Omer</msg>
<status status="PASS" starttime="20221228 13:43:20.634" endtime="20221228 13:43:20.635"/>
</kw>
<kw name="Log To Console" library="BuiltIn">
<arg>${e}</arg>
<doc>Logs the given message to the console.</doc>
<status status="PASS" starttime="20221228 13:43:20.635" endtime="20221228 13:43:20.636"/>
</kw>
<kw name="Remove From List" library="Collections">
<arg>${names}</arg>
<arg>2</arg>
<doc>Removes and returns the value specified with an ``index`` from ``list``.</doc>
<status status="PASS" starttime="20221228 13:43:20.637" endtime="20221228 13:43:20.637"/>
</kw>
<kw name="Log To Console" library="BuiltIn">
<arg>${names}</arg>
<doc>Logs the given message to the console.</doc>
<status status="PASS" starttime="20221228 13:43:20.637" endtime="20221228 13:43:20.638"/>
</kw>
<kw name="Remove Values From List" library="Collections">
<arg>${names}</arg>
<arg>Mehmet</arg>
<doc>Removes all occurrences of given ``values`` from ``list``.</doc>
<status status="PASS" starttime="20221228 13:43:20.638" endtime="20221228 13:43:20.639"/>
</kw>
<kw name="Log To Console" library="BuiltIn">
<arg>${names}</arg>
<doc>Logs the given message to the console.</doc>
<status status="PASS" starttime="20221228 13:43:20.639" endtime="20221228 13:43:20.639"/>
</kw>
<kw name="List Should Contain Value" library="Collections">
<arg>${names}</arg>
<arg>Omer</arg>
<doc>Fails if the ``value`` is not found from ``list``.</doc>
<status status="PASS" starttime="20221228 13:43:20.640" endtime="20221228 13:43:20.640"/>
</kw>
<kw name="Set List Value" library="Collections">
<arg>${names}</arg>
<arg>0</arg>
<arg>Faruk</arg>
<doc>Sets the value of ``list`` specified by ``index`` to the given ``value``.</doc>
<status status="PASS" starttime="20221228 13:43:20.640" endtime="20221228 13:43:20.641"/>
</kw>
<kw name="Log To Console" library="BuiltIn">
<arg>${names}</arg>
<doc>Logs the given message to the console.</doc>
<status status="PASS" starttime="20221228 13:43:20.641" endtime="20221228 13:43:20.642"/>
</kw>
<status status="PASS" starttime="20221228 13:43:20.630" endtime="20221228 13:43:20.643"/>
</test>
<status status="PASS" starttime="20221228 13:43:20.620" endtime="20221228 13:43:20.644"/>
</suite>
<status status="PASS" starttime="20221228 13:43:20.597" endtime="20221228 13:43:20.646"/>
</suite>
<statistics>
<total>
<stat pass="1" fail="0" skip="0">All Tests</stat>
</total>
<tag>
</tag>
<suite>
<stat pass="1" fail="0" skip="0" id="s1" name="robotFramework">robotFramework</stat>
<stat pass="1" fail="0" skip="0" id="s1-s1" name="C02 Collections">robotFramework.C02 Collections</stat>
</suite>
</statistics>
<errors>
</errors>
</robot>
