<?xml version="1.0" encoding="UTF-8"?>
<robot generator="Robot 6.0.1 (Python 3.8.10 on linux)" generated="20221228 14:00:48.725" rpa="false" schemaversion="3">
<suite id="s1" name="robotFramework" source="/home/isuzuotonom/Desktop/robotFramework">
<suite id="s1-s1" name="C02 Collections" source="/home/isuzuotonom/Desktop/robotFramework/C02_Collections.robot">
<test id="s1-s1-t1" name="Collections" line="5">
<kw name="Create List" library="BuiltIn">
<var>${names}</var>
<doc>Returns a list containing given items.</doc>
<msg timestamp="20221228 14:00:48.752" level="INFO">${names} = []</msg>
<status status="PASS" starttime="20221228 14:00:48.751" endtime="20221228 14:00:48.752"/>
</kw>
<kw name="Append To List" library="Collections">
<arg>${names}</arg>
<arg>Omer</arg>
<arg>Poyraz</arg>
<arg>Hakan</arg>
<arg>Mehmet</arg>
<arg>Fatih</arg>
<doc>Adds ``values`` to the end of ``list``.</doc>
<status status="PASS" starttime="20221228 14:00:48.752" endtime="20221228 14:00:48.753"/>
</kw>
<kw name="Log To Console" library="BuiltIn">
<arg>${names}</arg>
<doc>Logs the given message to the console.</doc>
<status status="PASS" starttime="20221228 14:00:48.753" endtime="20221228 14:00:48.753"/>
</kw>
<kw name="Get From List" library="Collections">
<var>${e}</var>
<arg>${names}</arg>
<arg>0</arg>
<doc>Returns the value specified with an ``index`` from ``list``.</doc>
<msg timestamp="20221228 14:00:48.754" level="INFO">${e} = Omer</msg>
<status status="PASS" starttime="20221228 14:00:48.754" endtime="20221228 14:00:48.755"/>
</kw>
<kw name="Log To Console" library="BuiltIn">
<arg>${e}</arg>
<doc>Logs the given message to the console.</doc>
<status status="PASS" starttime="20221228 14:00:48.755" endtime="20221228 14:00:48.755"/>
</kw>
<kw name="Remove From List" library="Collections">
<arg>${names}</arg>
<arg>2</arg>
<doc>Removes and returns the value specified with an ``index`` from ``list``.</doc>
<status status="PASS" starttime="20221228 14:00:48.756" endtime="20221228 14:00:48.756"/>
</kw>
<kw name="Log To Console" library="BuiltIn">
<arg>${names}</arg>
<doc>Logs the given message to the console.</doc>
<status status="PASS" starttime="20221228 14:00:48.756" endtime="20221228 14:00:48.757"/>
</kw>
<kw name="Remove Values From List" library="Collections">
<arg>${names}</arg>
<arg>Mehmet</arg>
<doc>Removes all occurrences of given ``values`` from ``list``.</doc>
<status status="PASS" starttime="20221228 14:00:48.757" endtime="20221228 14:00:48.758"/>
</kw>
<kw name="Log To Console" library="BuiltIn">
<arg>${names}</arg>
<doc>Logs the given message to the console.</doc>
<status status="PASS" starttime="20221228 14:00:48.758" endtime="20221228 14:00:48.759"/>
</kw>
<kw name="List Should Contain Value" library="Collections">
<arg>${names}</arg>
<arg>Omer</arg>
<doc>Fails if the ``value`` is not found from ``list``.</doc>
<status status="PASS" starttime="20221228 14:00:48.760" endtime="20221228 14:00:48.760"/>
</kw>
<kw name="Set List Value" library="Collections">
<arg>${names}</arg>
<arg>0</arg>
<arg>Faruk</arg>
<doc>Sets the value of ``list`` specified by ``index`` to the given ``value``.</doc>
<status status="PASS" starttime="20221228 14:00:48.760" endtime="20221228 14:00:48.761"/>
</kw>
<kw name="Log To Console" library="BuiltIn">
<arg>${names}</arg>
<doc>Logs the given message to the console.</doc>
<status status="PASS" starttime="20221228 14:00:48.761" endtime="20221228 14:00:48.761"/>
</kw>
<kw name="Log To Console" library="BuiltIn">
<arg>${names}[0]</arg>
<doc>Logs the given message to the console.</doc>
<status status="PASS" starttime="20221228 14:00:48.762" endtime="20221228 14:00:48.762"/>
</kw>
<for flavor="IN">
<var>${name}</var>
<value>@{names}</value>
<iter>
<var name="${name}">Faruk</var>
<kw name="Log To Console" library="BuiltIn">
<arg>element: ${name}</arg>
<doc>Logs the given message to the console.</doc>
<status status="PASS" starttime="20221228 14:00:48.763" endtime="20221228 14:00:48.763"/>
</kw>
<kw name="Exit For Loop If" library="BuiltIn">
<arg>'${name}' == 'Poyraz'</arg>
<doc>Stops executing the enclosing FOR loop if the ``condition`` is true.</doc>
<status status="PASS" starttime="20221228 14:00:48.764" endtime="20221228 14:00:48.764"/>
</kw>
<status status="PASS" starttime="20221228 14:00:48.763" endtime="20221228 14:00:48.764"/>
</iter>
<iter>
<var name="${name}">Poyraz</var>
<kw name="Log To Console" library="BuiltIn">
<arg>element: ${name}</arg>
<doc>Logs the given message to the console.</doc>
<status status="PASS" starttime="20221228 14:00:48.765" endtime="20221228 14:00:48.765"/>
</kw>
<kw name="Exit For Loop If" library="BuiltIn">
<arg>'${name}' == 'Poyraz'</arg>
<doc>Stops executing the enclosing FOR loop if the ``condition`` is true.</doc>
<msg timestamp="20221228 14:00:48.766" level="INFO">Exiting for loop altogether.</msg>
<status status="PASS" starttime="20221228 14:00:48.765" endtime="20221228 14:00:48.766"/>
</kw>
<status status="PASS" starttime="20221228 14:00:48.765" endtime="20221228 14:00:48.766"/>
</iter>
<status status="PASS" starttime="20221228 14:00:48.762" endtime="20221228 14:00:48.767"/>
</for>
<for flavor="IN">
<var>${name}</var>
<value>@{names}</value>
<iter>
<var name="${name}">Faruk</var>
<if>
<branch type="IF" condition="'${name}' == 'Poyraz'">
<kw name="Log To Console" library="BuiltIn">
<arg>name found: ${name}</arg>
<doc>Logs the given message to the console.</doc>
<status status="NOT RUN" starttime="20221228 14:00:48.768" endtime="20221228 14:00:48.768"/>
</kw>
<status status="NOT RUN" starttime="20221228 14:00:48.767" endtime="20221228 14:00:48.768"/>
</branch>
<branch type="ELSE">
<kw name="Log To Console" library="BuiltIn">
<arg>not matched!</arg>
<doc>Logs the given message to the console.</doc>
<status status="PASS" starttime="20221228 14:00:48.768" endtime="20221228 14:00:48.768"/>
</kw>
<status status="PASS" starttime="20221228 14:00:48.768" endtime="20221228 14:00:48.768"/>
</branch>
<status status="PASS" starttime="20221228 14:00:48.767" endtime="20221228 14:00:48.768"/>
</if>
<status status="PASS" starttime="20221228 14:00:48.767" endtime="20221228 14:00:48.768"/>
</iter>
<iter>
<var name="${name}">Poyraz</var>
<if>
<branch type="IF" condition="'${name}' == 'Poyraz'">
<kw name="Log To Console" library="BuiltIn">
<arg>name found: ${name}</arg>
<doc>Logs the given message to the console.</doc>
<status status="PASS" starttime="20221228 14:00:48.769" endtime="20221228 14:00:48.769"/>
</kw>
<status status="PASS" starttime="20221228 14:00:48.769" endtime="20221228 14:00:48.769"/>
</branch>
<branch type="ELSE">
<kw name="Log To Console" library="BuiltIn">
<arg>not matched!</arg>
<doc>Logs the given message to the console.</doc>
<status status="NOT RUN" starttime="20221228 14:00:48.770" endtime="20221228 14:00:48.770"/>
</kw>
<status status="NOT RUN" starttime="20221228 14:00:48.769" endtime="20221228 14:00:48.770"/>
</branch>
<status status="PASS" starttime="20221228 14:00:48.769" endtime="20221228 14:00:48.770"/>
</if>
<status status="PASS" starttime="20221228 14:00:48.769" endtime="20221228 14:00:48.770"/>
</iter>
<iter>
<var name="${name}">Fatih</var>
<if>
<branch type="IF" condition="'${name}' == 'Poyraz'">
<kw name="Log To Console" library="BuiltIn">
<arg>name found: ${name}</arg>
<doc>Logs the given message to the console.</doc>
<status status="NOT RUN" starttime="20221228 14:00:48.770" endtime="20221228 14:00:48.770"/>
</kw>
<status status="NOT RUN" starttime="20221228 14:00:48.770" endtime="20221228 14:00:48.770"/>
</branch>
<branch type="ELSE">
<kw name="Log To Console" library="BuiltIn">
<arg>not matched!</arg>
<doc>Logs the given message to the console.</doc>
<status status="PASS" starttime="20221228 14:00:48.771" endtime="20221228 14:00:48.771"/>
</kw>
<status status="PASS" starttime="20221228 14:00:48.771" endtime="20221228 14:00:48.771"/>
</branch>
<status status="PASS" starttime="20221228 14:00:48.770" endtime="20221228 14:00:48.771"/>
</if>
<status status="PASS" starttime="20221228 14:00:48.770" endtime="20221228 14:00:48.771"/>
</iter>
<status status="PASS" starttime="20221228 14:00:48.767" endtime="20221228 14:00:48.771"/>
</for>
<kw name="Create List" library="BuiltIn">
<var>${numbers}</var>
<arg>1</arg>
<arg>2</arg>
<arg>3</arg>
<arg>4</arg>
<arg>5</arg>
<arg>6</arg>
<doc>Returns a list containing given items.</doc>
<msg timestamp="20221228 14:00:48.772" level="INFO">${numbers} = ['1', '2', '3', '4', '5', '6']</msg>
<status status="PASS" starttime="20221228 14:00:48.771" endtime="20221228 14:00:48.772"/>
</kw>
<for flavor="IN">
<var>${number}</var>
<value>@{numbers}</value>
<iter>
<var name="${number}">1</var>
<if>
<branch type="IF" condition="${number}&gt;=3">
<kw name="Log To Console" library="BuiltIn">
<arg>${number} is equal 3 or greater</arg>
<doc>Logs the given message to the console.</doc>
<status status="NOT RUN" starttime="20221228 14:00:48.773" endtime="20221228 14:00:48.773"/>
</kw>
<status status="NOT RUN" starttime="20221228 14:00:48.773" endtime="20221228 14:00:48.774"/>
</branch>
<branch type="ELSE">
<kw name="Log To Console" library="BuiltIn">
<arg>${number} is less than 3</arg>
<doc>Logs the given message to the console.</doc>
<status status="PASS" starttime="20221228 14:00:48.774" endtime="20221228 14:00:48.775"/>
</kw>
<status status="PASS" starttime="20221228 14:00:48.774" endtime="20221228 14:00:48.775"/>
</branch>
<status status="PASS" starttime="20221228 14:00:48.773" endtime="20221228 14:00:48.775"/>
</if>
<status status="PASS" starttime="20221228 14:00:48.772" endtime="20221228 14:00:48.775"/>
</iter>
<iter>
<var name="${number}">2</var>
<if>
<branch type="IF" condition="${number}&gt;=3">
<kw name="Log To Console" library="BuiltIn">
<arg>${number} is equal 3 or greater</arg>
<doc>Logs the given message to the console.</doc>
<status status="NOT RUN" starttime="20221228 14:00:48.776" endtime="20221228 14:00:48.776"/>
</kw>
<status status="NOT RUN" starttime="20221228 14:00:48.776" endtime="20221228 14:00:48.776"/>
</branch>
<branch type="ELSE">
<kw name="Log To Console" library="BuiltIn">
<arg>${number} is less than 3</arg>
<doc>Logs the given message to the console.</doc>
<status status="PASS" starttime="20221228 14:00:48.777" endtime="20221228 14:00:48.777"/>
</kw>
<status status="PASS" starttime="20221228 14:00:48.777" endtime="20221228 14:00:48.777"/>
</branch>
<status status="PASS" starttime="20221228 14:00:48.775" endtime="20221228 14:00:48.777"/>
</if>
<status status="PASS" starttime="20221228 14:00:48.775" endtime="20221228 14:00:48.778"/>
</iter>
<iter>
<var name="${number}">3</var>
<if>
<branch type="IF" condition="${number}&gt;=3">
<kw name="Log To Console" library="BuiltIn">
<arg>${number} is equal 3 or greater</arg>
<doc>Logs the given message to the console.</doc>
<status status="PASS" starttime="20221228 14:00:48.778" endtime="20221228 14:00:48.779"/>
</kw>
<status status="PASS" starttime="20221228 14:00:48.778" endtime="20221228 14:00:48.779"/>
</branch>
<branch type="ELSE">
<kw name="Log To Console" library="BuiltIn">
<arg>${number} is less than 3</arg>
<doc>Logs the given message to the console.</doc>
<status status="NOT RUN" starttime="20221228 14:00:48.779" endtime="20221228 14:00:48.779"/>
</kw>
<status status="NOT RUN" starttime="20221228 14:00:48.779" endtime="20221228 14:00:48.779"/>
</branch>
<status status="PASS" starttime="20221228 14:00:48.778" endtime="20221228 14:00:48.779"/>
</if>
<status status="PASS" starttime="20221228 14:00:48.778" endtime="20221228 14:00:48.779"/>
</iter>
<iter>
<var name="${number}">4</var>
<if>
<branch type="IF" condition="${number}&gt;=3">
<kw name="Log To Console" library="BuiltIn">
<arg>${number} is equal 3 or greater</arg>
<doc>Logs the given message to the console.</doc>
<status status="PASS" starttime="20221228 14:00:48.780" endtime="20221228 14:00:48.780"/>
</kw>
<status status="PASS" starttime="20221228 14:00:48.780" endtime="20221228 14:00:48.781"/>
</branch>
<branch type="ELSE">
<kw name="Log To Console" library="BuiltIn">
<arg>${number} is less than 3</arg>
<doc>Logs the given message to the console.</doc>
<status status="NOT RUN" starttime="20221228 14:00:48.781" endtime="20221228 14:00:48.781"/>
</kw>
<status status="NOT RUN" starttime="20221228 14:00:48.781" endtime="20221228 14:00:48.781"/>
</branch>
<status status="PASS" starttime="20221228 14:00:48.780" endtime="20221228 14:00:48.781"/>
</if>
<status status="PASS" starttime="20221228 14:00:48.780" endtime="20221228 14:00:48.781"/>
</iter>
<iter>
<var name="${number}">5</var>
<if>
<branch type="IF" condition="${number}&gt;=3">
<kw name="Log To Console" library="BuiltIn">
<arg>${number} is equal 3 or greater</arg>
<doc>Logs the given message to the console.</doc>
<status status="PASS" starttime="20221228 14:00:48.782" endtime="20221228 14:00:48.782"/>
</kw>
<status status="PASS" starttime="20221228 14:00:48.782" endtime="20221228 14:00:48.782"/>
</branch>
<branch type="ELSE">
<kw name="Log To Console" library="BuiltIn">
<arg>${number} is less than 3</arg>
<doc>Logs the given message to the console.</doc>
<status status="NOT RUN" starttime="20221228 14:00:48.782" endtime="20221228 14:00:48.783"/>
</kw>
<status status="NOT RUN" starttime="20221228 14:00:48.782" endtime="20221228 14:00:48.783"/>
</branch>
<status status="PASS" starttime="20221228 14:00:48.782" endtime="20221228 14:00:48.783"/>
</if>
<status status="PASS" starttime="20221228 14:00:48.781" endtime="20221228 14:00:48.783"/>
</iter>
<iter>
<var name="${number}">6</var>
<if>
<branch type="IF" condition="${number}&gt;=3">
<kw name="Log To Console" library="BuiltIn">
<arg>${number} is equal 3 or greater</arg>
<doc>Logs the given message to the console.</doc>
<status status="PASS" starttime="20221228 14:00:48.783" endtime="20221228 14:00:48.783"/>
</kw>
<status status="PASS" starttime="20221228 14:00:48.783" endtime="20221228 14:00:48.784"/>
</branch>
<branch type="ELSE">
<kw name="Log To Console" library="BuiltIn">
<arg>${number} is less than 3</arg>
<doc>Logs the given message to the console.</doc>
<status status="NOT RUN" starttime="20221228 14:00:48.784" endtime="20221228 14:00:48.784"/>
</kw>
<status status="NOT RUN" starttime="20221228 14:00:48.784" endtime="20221228 14:00:48.784"/>
</branch>
<status status="PASS" starttime="20221228 14:00:48.783" endtime="20221228 14:00:48.784"/>
</if>
<status status="PASS" starttime="20221228 14:00:48.783" endtime="20221228 14:00:48.784"/>
</iter>
<status status="PASS" starttime="20221228 14:00:48.772" endtime="20221228 14:00:48.784"/>
</for>
<for flavor="IN RANGE">
<var>${number}</var>
<value>100</value>
<iter>
<var name="${number}">0</var>
<if>
<branch type="IF" condition="${number}%2==0">
<kw name="Log To Console" library="BuiltIn">
<arg>\n${number}</arg>
<doc>Logs the given message to the console.</doc>
<status status="PASS" starttime="20221228 14:00:48.785" endtime="20221228 14:00:48.785"/>
</kw>
<status status="PASS" starttime="20221228 14:00:48.785" endtime="20221228 14:00:48.785"/>
</branch>
<status status="PASS" starttime="20221228 14:00:48.785" endtime="20221228 14:00:48.785"/>
</if>
<status status="PASS" starttime="20221228 14:00:48.785" endtime="20221228 14:00:48.785"/>
</iter>
<iter>
<var name="${number}">1</var>
<if>
<branch type="IF" condition="${number}%2==0">
<kw name="Log To Console" library="BuiltIn">
<arg>\n${number}</arg>
<doc>Logs the given message to the console.</doc>
<status status="NOT RUN" starttime="20221228 14:00:48.786" endtime="20221228 14:00:48.786"/>
</kw>
<status status="NOT RUN" starttime="20221228 14:00:48.786" endtime="20221228 14:00:48.786"/>
</branch>
<status status="PASS" starttime="20221228 14:00:48.786" endtime="20221228 14:00:48.786"/>
</if>
<status status="PASS" starttime="20221228 14:00:48.785" endtime="20221228 14:00:48.786"/>
</iter>
<iter>
<var name="${number}">2</var>
<if>
<branch type="IF" condition="${number}%2==0">
<kw name="Log To Console" library="BuiltIn">
<arg>\n${number}</arg>
<doc>Logs the given message to the console.</doc>
<status status="PASS" starttime="20221228 14:00:48.787" endtime="20221228 14:00:48.787"/>
</kw>
<status status="PASS" starttime="20221228 14:00:48.786" endtime="20221228 14:00:48.787"/>
</branch>
<status status="PASS" starttime="20221228 14:00:48.786" endtime="20221228 14:00:48.787"/>
</if>
<status status="PASS" starttime="20221228 14:00:48.786" endtime="20221228 14:00:48.787"/>
</iter>
<iter>
<var name="${number}">3</var>
<if>
<branch type="IF" condition="${number}%2==0">
<kw name="Log To Console" library="BuiltIn">
<arg>\n${number}</arg>
<doc>Logs the given message to the console.</doc>
<status status="NOT RUN" starttime="20221228 14:00:48.788" endtime="20221228 14:00:48.788"/>
</kw>
<status status="NOT RUN" starttime="20221228 14:00:48.787" endtime="20221228 14:00:48.788"/>
</branch>
<status status="PASS" starttime="20221228 14:00:48.787" endtime="20221228 14:00:48.788"/>
</if>
<status status="PASS" starttime="20221228 14:00:48.787" endtime="20221228 14:00:48.788"/>
</iter>
<iter>
<var name="${number}">4</var>
<if>
<branch type="IF" condition="${number}%2==0">
<kw name="Log To Console" library="BuiltIn">
<arg>\n${number}</arg>
<doc>Logs the given message to the console.</doc>
<status status="PASS" starttime="20221228 14:00:48.788" endtime="20221228 14:00:48.789"/>
</kw>
<status status="PASS" starttime="20221228 14:00:48.788" endtime="20221228 14:00:48.789"/>
</branch>
<status status="PASS" starttime="20221228 14:00:48.788" endtime="20221228 14:00:48.789"/>
</if>
<status status="PASS" starttime="20221228 14:00:48.788" endtime="20221228 14:00:48.789"/>
</iter>
<iter>
<var name="${number}">5</var>
<if>
<branch type="IF" condition="${number}%2==0">
<kw name="Log To Console" library="BuiltIn">
<arg>\n${number}</arg>
<doc>Logs the given message to the console.</doc>
<status status="NOT RUN" starttime="20221228 14:00:48.790" endtime="20221228 14:00:48.790"/>
</kw>
<status status="NOT RUN" starttime="20221228 14:00:48.790" endtime="20221228 14:00:48.790"/>
</branch>
<status status="PASS" starttime="20221228 14:00:48.789" endtime="20221228 14:00:48.791"/>
</if>
<status status="PASS" starttime="20221228 14:00:48.789" endtime="20221228 14:00:48.791"/>
</iter>
<iter>
<var name="${number}">6</var>
<if>
<branch type="IF" condition="${number}%2==0">
<kw name="Log To Console" library="BuiltIn">
<arg>\n${number}</arg>
<doc>Logs the given message to the console.</doc>
<status status="PASS" starttime="20221228 14:00:48.791" endtime="20221228 14:00:48.792"/>
</kw>
<status status="PASS" starttime="20221228 14:00:48.791" endtime="20221228 14:00:48.792"/>
</branch>
<status status="PASS" starttime="20221228 14:00:48.791" endtime="20221228 14:00:48.792"/>
</if>
<status status="PASS" starttime="20221228 14:00:48.791" endtime="20221228 14:00:48.792"/>
</iter>
<iter>
<var name="${number}">7</var>
<if>
<branch type="IF" condition="${number}%2==0">
<kw name="Log To Console" library="BuiltIn">
<arg>\n${number}</arg>
<doc>Logs the given message to the console.</doc>
<status status="NOT RUN" starttime="20221228 14:00:48.793" endtime="20221228 14:00:48.793"/>
</kw>
<status status="NOT RUN" starttime="20221228 14:00:48.793" endtime="20221228 14:00:48.793"/>
</branch>
<status status="PASS" starttime="20221228 14:00:48.792" endtime="20221228 14:00:48.793"/>
</if>
<status status="PASS" starttime="20221228 14:00:48.792" endtime="20221228 14:00:48.793"/>
</iter>
<iter>
<var name="${number}">8</var>
<if>
<branch type="IF" condition="${number}%2==0">
<kw name="Log To Console" library="BuiltIn">
<arg>\n${number}</arg>
<doc>Logs the given message to the console.</doc>
<status status="PASS" starttime="20221228 14:00:48.794" endtime="20221228 14:00:48.794"/>
</kw>
<status status="PASS" starttime="20221228 14:00:48.794" endtime="20221228 14:00:48.794"/>
</branch>
<status status="PASS" starttime="20221228 14:00:48.794" endtime="20221228 14:00:48.794"/>
</if>
<status status="PASS" starttime="20221228 14:00:48.793" endtime="20221228 14:00:48.795"/>
</iter>
<iter>
<var name="${number}">9</var>
<if>
<branch type="IF" condition="${number}%2==0">
<kw name="Log To Console" library="BuiltIn">
<arg>\n${number}</arg>
<doc>Logs the given message to the console.</doc>
<status status="NOT RUN" starttime="20221228 14:00:48.795" endtime="20221228 14:00:48.795"/>
</kw>
<status status="NOT RUN" starttime="20221228 14:00:48.795" endtime="20221228 14:00:48.795"/>
</branch>
<status status="PASS" starttime="20221228 14:00:48.795" endtime="20221228 14:00:48.795"/>
</if>
<status status="PASS" starttime="20221228 14:00:48.795" endtime="20221228 14:00:48.796"/>
</iter>
<iter>
<var name="${number}">10</var>
<if>
<branch type="IF" condition="${number}%2==0">
<kw name="Log To Console" library="BuiltIn">
<arg>\n${number}</arg>
<doc>Logs the given message to the console.</doc>
<status status="PASS" starttime="20221228 14:00:48.796" endtime="20221228 14:00:48.797"/>
</kw>
<status status="PASS" starttime="20221228 14:00:48.796" endtime="20221228 14:00:48.797"/>
</branch>
<status status="PASS" starttime="20221228 14:00:48.796" endtime="20221228 14:00:48.797"/>
</if>
<status status="PASS" starttime="20221228 14:00:48.796" endtime="20221228 14:00:48.797"/>
</iter>
<iter>
<var name="${number}">11</var>
<if>
<branch type="IF" condition="${number}%2==0">
<kw name="Log To Console" library="BuiltIn">
<arg>\n${number}</arg>
<doc>Logs the given message to the console.</doc>
<status status="NOT RUN" starttime="20221228 14:00:48.797" endtime="20221228 14:00:48.797"/>
</kw>
<status status="NOT RUN" starttime="20221228 14:00:48.797" endtime="20221228 14:00:48.798"/>
</branch>
<status status="PASS" starttime="20221228 14:00:48.797" endtime="20221228 14:00:48.798"/>
</if>
<status status="PASS" starttime="20221228 14:00:48.797" endtime="20221228 14:00:48.798"/>
</iter>
<iter>
<var name="${number}">12</var>
<if>
<branch type="IF" condition="${number}%2==0">
<kw name="Log To Console" library="BuiltIn">
<arg>\n${number}</arg>
<doc>Logs the given message to the console.</doc>
<status status="PASS" starttime="20221228 14:00:48.798" endtime="20221228 14:00:48.798"/>
</kw>
<status status="PASS" starttime="20221228 14:00:48.798" endtime="20221228 14:00:48.798"/>
</branch>
<status status="PASS" starttime="20221228 14:00:48.798" endtime="20221228 14:00:48.799"/>
</if>
<status status="PASS" starttime="20221228 14:00:48.798" endtime="20221228 14:00:48.799"/>
</iter>
<iter>
<var name="${number}">13</var>
<if>
<branch type="IF" condition="${number}%2==0">
<kw name="Log To Console" library="BuiltIn">
<arg>\n${number}</arg>
<doc>Logs the given message to the console.</doc>
<status status="NOT RUN" starttime="20221228 14:00:48.799" endtime="20221228 14:00:48.799"/>
</kw>
<status status="NOT RUN" starttime="20221228 14:00:48.799" endtime="20221228 14:00:48.799"/>
</branch>
<status status="PASS" starttime="20221228 14:00:48.799" endtime="20221228 14:00:48.799"/>
</if>
<status status="PASS" starttime="20221228 14:00:48.799" endtime="20221228 14:00:48.799"/>
</iter>
<iter>
<var name="${number}">14</var>
<if>
<branch type="IF" condition="${number}%2==0">
<kw name="Log To Console" library="BuiltIn">
<arg>\n${number}</arg>
<doc>Logs the given message to the console.</doc>
<status status="PASS" starttime="20221228 14:00:48.800" endtime="20221228 14:00:48.800"/>
</kw>
<status status="PASS" starttime="20221228 14:00:48.800" endtime="20221228 14:00:48.800"/>
</branch>
<status status="PASS" starttime="20221228 14:00:48.799" endtime="20221228 14:00:48.800"/>
</if>
<status status="PASS" starttime="20221228 14:00:48.799" endtime="20221228 14:00:48.800"/>
</iter>
<iter>
<var name="${number}">15</var>
<if>
<branch type="IF" condition="${number}%2==0">
<kw name="Log To Console" library="BuiltIn">
<arg>\n${number}</arg>
<doc>Logs the given message to the console.</doc>
<status status="NOT RUN" starttime="20221228 14:00:48.801" endtime="20221228 14:00:48.801"/>
</kw>
<status status="NOT RUN" starttime="20221228 14:00:48.800" endtime="20221228 14:00:48.801"/>
</branch>
<status status="PASS" starttime="20221228 14:00:48.800" endtime="20221228 14:00:48.801"/>
</if>
<status status="PASS" starttime="20221228 14:00:48.800" endtime="20221228 14:00:48.801"/>
</iter>
<iter>
<var name="${number}">16</var>
<if>
<branch type="IF" condition="${number}%2==0">
<kw name="Log To Console" library="BuiltIn">
<arg>\n${number}</arg>
<doc>Logs the given message to the console.</doc>
<status status="PASS" starttime="20221228 14:00:48.801" endtime="20221228 14:00:48.802"/>
</kw>
<status status="PASS" starttime="20221228 14:00:48.801" endtime="20221228 14:00:48.802"/>
</branch>
<status status="PASS" starttime="20221228 14:00:48.801" endtime="20221228 14:00:48.802"/>
</if>
<status status="PASS" starttime="20221228 14:00:48.801" endtime="20221228 14:00:48.802"/>
</iter>
<iter>
<var name="${number}">17</var>
<if>
<branch type="IF" condition="${number}%2==0">
<kw name="Log To Console" library="BuiltIn">
<arg>\n${number}</arg>
<doc>Logs the given message to the console.</doc>
<status status="NOT RUN" starttime="20221228 14:00:48.802" endtime="20221228 14:00:48.802"/>
</kw>
<status status="NOT RUN" starttime="20221228 14:00:48.802" endtime="20221228 14:00:48.802"/>
</branch>
<status status="PASS" starttime="20221228 14:00:48.802" endtime="20221228 14:00:48.803"/>
</if>
<status status="PASS" starttime="20221228 14:00:48.802" endtime="20221228 14:00:48.803"/>
</iter>
<iter>
<var name="${number}">18</var>
<if>
<branch type="IF" condition="${number}%2==0">
<kw name="Log To Console" library="BuiltIn">
<arg>\n${number}</arg>
<doc>Logs the given message to the console.</doc>
<status status="PASS" starttime="20221228 14:00:48.803" endtime="20221228 14:00:48.803"/>
</kw>
<status status="PASS" starttime="20221228 14:00:48.803" endtime="20221228 14:00:48.803"/>
</branch>
<status status="PASS" starttime="20221228 14:00:48.803" endtime="20221228 14:00:48.803"/>
</if>
<status status="PASS" starttime="20221228 14:00:48.803" endtime="20221228 14:00:48.803"/>
</iter>
<iter>
<var name="${number}">19</var>
<if>
<branch type="IF" condition="${number}%2==0">
<kw name="Log To Console" library="BuiltIn">
<arg>\n${number}</arg>
<doc>Logs the given message to the console.</doc>
<status status="NOT RUN" starttime="20221228 14:00:48.804" endtime="20221228 14:00:48.804"/>
</kw>
<status status="NOT RUN" starttime="20221228 14:00:48.804" endtime="20221228 14:00:48.804"/>
</branch>
<status status="PASS" starttime="20221228 14:00:48.804" endtime="20221228 14:00:48.804"/>
</if>
<status status="PASS" starttime="20221228 14:00:48.803" endtime="20221228 14:00:48.804"/>
</iter>
<iter>
<var name="${number}">20</var>
<if>
<branch type="IF" condition="${number}%2==0">
<kw name="Log To Console" library="BuiltIn">
<arg>\n${number}</arg>
<doc>Logs the given message to the console.</doc>
<status status="PASS" starttime="20221228 14:00:48.805" endtime="20221228 14:00:48.805"/>
</kw>
<status status="PASS" starttime="20221228 14:00:48.805" endtime="20221228 14:00:48.805"/>
</branch>
<status status="PASS" starttime="20221228 14:00:48.805" endtime="20221228 14:00:48.805"/>
</if>
<status status="PASS" starttime="20221228 14:00:48.804" endtime="20221228 14:00:48.805"/>
</iter>
<iter>
<var name="${number}">21</var>
<if>
<branch type="IF" condition="${number}%2==0">
<kw name="Log To Console" library="BuiltIn">
<arg>\n${number}</arg>
<doc>Logs the given message to the console.</doc>
<status status="NOT RUN" starttime="20221228 14:00:48.806" endtime="20221228 14:00:48.806"/>
</kw>
<status status="NOT RUN" starttime="20221228 14:00:48.806" endtime="20221228 14:00:48.806"/>
</branch>
<status status="PASS" starttime="20221228 14:00:48.806" endtime="20221228 14:00:48.806"/>
</if>
<status status="PASS" starttime="20221228 14:00:48.805" endtime="20221228 14:00:48.806"/>
</iter>
<iter>
<var name="${number}">22</var>
<if>
<branch type="IF" condition="${number}%2==0">
<kw name="Log To Console" library="BuiltIn">
<arg>\n${number}</arg>
<doc>Logs the given message to the console.</doc>
<status status="PASS" starttime="20221228 14:00:48.807" endtime="20221228 14:00:48.807"/>
</kw>
<status status="PASS" starttime="20221228 14:00:48.806" endtime="20221228 14:00:48.807"/>
</branch>
<status status="PASS" starttime="20221228 14:00:48.806" endtime="20221228 14:00:48.807"/>
</if>
<status status="PASS" starttime="20221228 14:00:48.806" endtime="20221228 14:00:48.807"/>
</iter>
<iter>
<var name="${number}">23</var>
<if>
<branch type="IF" condition="${number}%2==0">
<kw name="Log To Console" library="BuiltIn">
<arg>\n${number}</arg>
<doc>Logs the given message to the console.</doc>
<status status="NOT RUN" starttime="20221228 14:00:48.808" endtime="20221228 14:00:48.808"/>
</kw>
<status status="NOT RUN" starttime="20221228 14:00:48.808" endtime="20221228 14:00:48.808"/>
</branch>
<status status="PASS" starttime="20221228 14:00:48.808" endtime="20221228 14:00:48.808"/>
</if>
<status status="PASS" starttime="20221228 14:00:48.807" endtime="20221228 14:00:48.808"/>
</iter>
<iter>
<var name="${number}">24</var>
<if>
<branch type="IF" condition="${number}%2==0">
<kw name="Log To Console" library="BuiltIn">
<arg>\n${number}</arg>
<doc>Logs the given message to the console.</doc>
<status status="PASS" starttime="20221228 14:00:48.809" endtime="20221228 14:00:48.809"/>
</kw>
<status status="PASS" starttime="20221228 14:00:48.809" endtime="20221228 14:00:48.809"/>
</branch>
<status status="PASS" starttime="20221228 14:00:48.808" endtime="20221228 14:00:48.809"/>
</if>
<status status="PASS" starttime="20221228 14:00:48.808" endtime="20221228 14:00:48.809"/>
</iter>
<iter>
<var name="${number}">25</var>
<if>
<branch type="IF" condition="${number}%2==0">
<kw name="Log To Console" library="BuiltIn">
<arg>\n${number}</arg>
<doc>Logs the given message to the console.</doc>
<status status="NOT RUN" starttime="20221228 14:00:48.810" endtime="20221228 14:00:48.810"/>
</kw>
<status status="NOT RUN" starttime="20221228 14:00:48.810" endtime="20221228 14:00:48.810"/>
</branch>
<status status="PASS" starttime="20221228 14:00:48.809" endtime="20221228 14:00:48.810"/>
</if>
<status status="PASS" starttime="20221228 14:00:48.809" endtime="20221228 14:00:48.810"/>
</iter>
<iter>
<var name="${number}">26</var>
<if>
<branch type="IF" condition="${number}%2==0">
<kw name="Log To Console" library="BuiltIn">
<arg>\n${number}</arg>
<doc>Logs the given message to the console.</doc>
<status status="PASS" starttime="20221228 14:00:48.810" endtime="20221228 14:00:48.811"/>
</kw>
<status status="PASS" starttime="20221228 14:00:48.810" endtime="20221228 14:00:48.811"/>
</branch>
<status status="PASS" starttime="20221228 14:00:48.810" endtime="20221228 14:00:48.811"/>
</if>
<status status="PASS" starttime="20221228 14:00:48.810" endtime="20221228 14:00:48.811"/>
</iter>
<iter>
<var name="${number}">27</var>
<if>
<branch type="IF" condition="${number}%2==0">
<kw name="Log To Console" library="BuiltIn">
<arg>\n${number}</arg>
<doc>Logs the given message to the console.</doc>
<status status="NOT RUN" starttime="20221228 14:00:48.811" endtime="20221228 14:00:48.811"/>
</kw>
<status status="NOT RUN" starttime="20221228 14:00:48.811" endtime="20221228 14:00:48.812"/>
</branch>
<status status="PASS" starttime="20221228 14:00:48.811" endtime="20221228 14:00:48.812"/>
</if>
<status status="PASS" starttime="20221228 14:00:48.811" endtime="20221228 14:00:48.812"/>
</iter>
<iter>
<var name="${number}">28</var>
<if>
<branch type="IF" condition="${number}%2==0">
<kw name="Log To Console" library="BuiltIn">
<arg>\n${number}</arg>
<doc>Logs the given message to the console.</doc>
<status status="PASS" starttime="20221228 14:00:48.812" endtime="20221228 14:00:48.812"/>
</kw>
<status status="PASS" starttime="20221228 14:00:48.812" endtime="20221228 14:00:48.812"/>
</branch>
<status status="PASS" starttime="20221228 14:00:48.812" endtime="20221228 14:00:48.813"/>
</if>
<status status="PASS" starttime="20221228 14:00:48.812" endtime="20221228 14:00:48.813"/>
</iter>
<iter>
<var name="${number}">29</var>
<if>
<branch type="IF" condition="${number}%2==0">
<kw name="Log To Console" library="BuiltIn">
<arg>\n${number}</arg>
<doc>Logs the given message to the console.</doc>
<status status="NOT RUN" starttime="20221228 14:00:48.813" endtime="20221228 14:00:48.813"/>
</kw>
<status status="NOT RUN" starttime="20221228 14:00:48.813" endtime="20221228 14:00:48.813"/>
</branch>
<status status="PASS" starttime="20221228 14:00:48.813" endtime="20221228 14:00:48.813"/>
</if>
<status status="PASS" starttime="20221228 14:00:48.813" endtime="20221228 14:00:48.813"/>
</iter>
<iter>
<var name="${number}">30</var>
<if>
<branch type="IF" condition="${number}%2==0">
<kw name="Log To Console" library="BuiltIn">
<arg>\n${number}</arg>
<doc>Logs the given message to the console.</doc>
<status status="PASS" starttime="20221228 14:00:48.814" endtime="20221228 14:00:48.814"/>
</kw>
<status status="PASS" starttime="20221228 14:00:48.814" endtime="20221228 14:00:48.814"/>
</branch>
<status status="PASS" starttime="20221228 14:00:48.814" endtime="20221228 14:00:48.814"/>
</if>
<status status="PASS" starttime="20221228 14:00:48.813" endtime="20221228 14:00:48.814"/>
</iter>
<iter>
<var name="${number}">31</var>
<if>
<branch type="IF" condition="${number}%2==0">
<kw name="Log To Console" library="BuiltIn">
<arg>\n${number}</arg>
<doc>Logs the given message to the console.</doc>
<status status="NOT RUN" starttime="20221228 14:00:48.815" endtime="20221228 14:00:48.815"/>
</kw>
<status status="NOT RUN" starttime="20221228 14:00:48.815" endtime="20221228 14:00:48.815"/>
</branch>
<status status="PASS" starttime="20221228 14:00:48.815" endtime="20221228 14:00:48.815"/>
</if>
<status status="PASS" starttime="20221228 14:00:48.815" endtime="20221228 14:00:48.815"/>
</iter>
<iter>
<var name="${number}">32</var>
<if>
<branch type="IF" condition="${number}%2==0">
<kw name="Log To Console" library="BuiltIn">
<arg>\n${number}</arg>
<doc>Logs the given message to the console.</doc>
<status status="PASS" starttime="20221228 14:00:48.816" endtime="20221228 14:00:48.816"/>
</kw>
<status status="PASS" starttime="20221228 14:00:48.816" endtime="20221228 14:00:48.816"/>
</branch>
<status status="PASS" starttime="20221228 14:00:48.815" endtime="20221228 14:00:48.816"/>
</if>
<status status="PASS" starttime="20221228 14:00:48.815" endtime="20221228 14:00:48.816"/>
</iter>
<iter>
<var name="${number}">33</var>
<if>
<branch type="IF" condition="${number}%2==0">
<kw name="Log To Console" library="BuiltIn">
<arg>\n${number}</arg>
<doc>Logs the given message to the console.</doc>
<status status="NOT RUN" starttime="20221228 14:00:48.817" endtime="20221228 14:00:48.817"/>
</kw>
<status status="NOT RUN" starttime="20221228 14:00:48.816" endtime="20221228 14:00:48.817"/>
</branch>
<status status="PASS" starttime="20221228 14:00:48.816" endtime="20221228 14:00:48.817"/>
</if>
<status status="PASS" starttime="20221228 14:00:48.816" endtime="20221228 14:00:48.817"/>
</iter>
<iter>
<var name="${number}">34</var>
<if>
<branch type="IF" condition="${number}%2==0">
<kw name="Log To Console" library="BuiltIn">
<arg>\n${number}</arg>
<doc>Logs the given message to the console.</doc>
<status status="PASS" starttime="20221228 14:00:48.817" endtime="20221228 14:00:48.818"/>
</kw>
<status status="PASS" starttime="20221228 14:00:48.817" endtime="20221228 14:00:48.818"/>
</branch>
<status status="PASS" starttime="20221228 14:00:48.817" endtime="20221228 14:00:48.818"/>
</if>
<status status="PASS" starttime="20221228 14:00:48.817" endtime="20221228 14:00:48.818"/>
</iter>
<iter>
<var name="${number}">35</var>
<if>
<branch type="IF" condition="${number}%2==0">
<kw name="Log To Console" library="BuiltIn">
<arg>\n${number}</arg>
<doc>Logs the given message to the console.</doc>
<status status="NOT RUN" starttime="20221228 14:00:48.818" endtime="20221228 14:00:48.818"/>
</kw>
<status status="NOT RUN" starttime="20221228 14:00:48.818" endtime="20221228 14:00:48.818"/>
</branch>
<status status="PASS" starttime="20221228 14:00:48.818" endtime="20221228 14:00:48.818"/>
</if>
<status status="PASS" starttime="20221228 14:00:48.818" endtime="20221228 14:00:48.818"/>
</iter>
<iter>
<var name="${number}">36</var>
<if>
<branch type="IF" condition="${number}%2==0">
<kw name="Log To Console" library="BuiltIn">
<arg>\n${number}</arg>
<doc>Logs the given message to the console.</doc>
<status status="PASS" starttime="20221228 14:00:48.819" endtime="20221228 14:00:48.819"/>
</kw>
<status status="PASS" starttime="20221228 14:00:48.819" endtime="20221228 14:00:48.819"/>
</branch>
<status status="PASS" starttime="20221228 14:00:48.819" endtime="20221228 14:00:48.819"/>
</if>
<status status="PASS" starttime="20221228 14:00:48.819" endtime="20221228 14:00:48.819"/>
</iter>
<iter>
<var name="${number}">37</var>
<if>
<branch type="IF" condition="${number}%2==0">
<kw name="Log To Console" library="BuiltIn">
<arg>\n${number}</arg>
<doc>Logs the given message to the console.</doc>
<status status="NOT RUN" starttime="20221228 14:00:48.820" endtime="20221228 14:00:48.820"/>
</kw>
<status status="NOT RUN" starttime="20221228 14:00:48.820" endtime="20221228 14:00:48.820"/>
</branch>
<status status="PASS" starttime="20221228 14:00:48.820" endtime="20221228 14:00:48.820"/>
</if>
<status status="PASS" starttime="20221228 14:00:48.820" endtime="20221228 14:00:48.820"/>
</iter>
<iter>
<var name="${number}">38</var>
<if>
<branch type="IF" condition="${number}%2==0">
<kw name="Log To Console" library="BuiltIn">
<arg>\n${number}</arg>
<doc>Logs the given message to the console.</doc>
<status status="PASS" starttime="20221228 14:00:48.821" endtime="20221228 14:00:48.821"/>
</kw>
<status status="PASS" starttime="20221228 14:00:48.820" endtime="20221228 14:00:48.821"/>
</branch>
<status status="PASS" starttime="20221228 14:00:48.820" endtime="20221228 14:00:48.821"/>
</if>
<status status="PASS" starttime="20221228 14:00:48.820" endtime="20221228 14:00:48.821"/>
</iter>
<iter>
<var name="${number}">39</var>
<if>
<branch type="IF" condition="${number}%2==0">
<kw name="Log To Console" library="BuiltIn">
<arg>\n${number}</arg>
<doc>Logs the given message to the console.</doc>
<status status="NOT RUN" starttime="20221228 14:00:48.822" endtime="20221228 14:00:48.822"/>
</kw>
<status status="NOT RUN" starttime="20221228 14:00:48.822" endtime="20221228 14:00:48.822"/>
</branch>
<status status="PASS" starttime="20221228 14:00:48.822" endtime="20221228 14:00:48.822"/>
</if>
<status status="PASS" starttime="20221228 14:00:48.821" endtime="20221228 14:00:48.822"/>
</iter>
<iter>
<var name="${number}">40</var>
<if>
<branch type="IF" condition="${number}%2==0">
<kw name="Log To Console" library="BuiltIn">
<arg>\n${number}</arg>
<doc>Logs the given message to the console.</doc>
<status status="PASS" starttime="20221228 14:00:48.823" endtime="20221228 14:00:48.824"/>
</kw>
<status status="PASS" starttime="20221228 14:00:48.822" endtime="20221228 14:00:48.824"/>
</branch>
<status status="PASS" starttime="20221228 14:00:48.822" endtime="20221228 14:00:48.824"/>
</if>
<status status="PASS" starttime="20221228 14:00:48.822" endtime="20221228 14:00:48.824"/>
</iter>
<iter>
<var name="${number}">41</var>
<if>
<branch type="IF" condition="${number}%2==0">
<kw name="Log To Console" library="BuiltIn">
<arg>\n${number}</arg>
<doc>Logs the given message to the console.</doc>
<status status="NOT RUN" starttime="20221228 14:00:48.825" endtime="20221228 14:00:48.825"/>
</kw>
<status status="NOT RUN" starttime="20221228 14:00:48.825" endtime="20221228 14:00:48.825"/>
</branch>
<status status="PASS" starttime="20221228 14:00:48.825" endtime="20221228 14:00:48.826"/>
</if>
<status status="PASS" starttime="20221228 14:00:48.824" endtime="20221228 14:00:48.826"/>
</iter>
<iter>
<var name="${number}">42</var>
<if>
<branch type="IF" condition="${number}%2==0">
<kw name="Log To Console" library="BuiltIn">
<arg>\n${number}</arg>
<doc>Logs the given message to the console.</doc>
<status status="PASS" starttime="20221228 14:00:48.826" endtime="20221228 14:00:48.827"/>
</kw>
<status status="PASS" starttime="20221228 14:00:48.826" endtime="20221228 14:00:48.827"/>
</branch>
<status status="PASS" starttime="20221228 14:00:48.826" endtime="20221228 14:00:48.827"/>
</if>
<status status="PASS" starttime="20221228 14:00:48.826" endtime="20221228 14:00:48.827"/>
</iter>
<iter>
<var name="${number}">43</var>
<if>
<branch type="IF" condition="${number}%2==0">
<kw name="Log To Console" library="BuiltIn">
<arg>\n${number}</arg>
<doc>Logs the given message to the console.</doc>
<status status="NOT RUN" starttime="20221228 14:00:48.827" endtime="20221228 14:00:48.828"/>
</kw>
<status status="NOT RUN" starttime="20221228 14:00:48.827" endtime="20221228 14:00:48.828"/>
</branch>
<status status="PASS" starttime="20221228 14:00:48.827" endtime="20221228 14:00:48.828"/>
</if>
<status status="PASS" starttime="20221228 14:00:48.827" endtime="20221228 14:00:48.828"/>
</iter>
<iter>
<var name="${number}">44</var>
<if>
<branch type="IF" condition="${number}%2==0">
<kw name="Log To Console" library="BuiltIn">
<arg>\n${number}</arg>
<doc>Logs the given message to the console.</doc>
<status status="PASS" starttime="20221228 14:00:48.828" endtime="20221228 14:00:48.829"/>
</kw>
<status status="PASS" starttime="20221228 14:00:48.828" endtime="20221228 14:00:48.829"/>
</branch>
<status status="PASS" starttime="20221228 14:00:48.828" endtime="20221228 14:00:48.829"/>
</if>
<status status="PASS" starttime="20221228 14:00:48.828" endtime="20221228 14:00:48.829"/>
</iter>
<iter>
<var name="${number}">45</var>
<if>
<branch type="IF" condition="${number}%2==0">
<kw name="Log To Console" library="BuiltIn">
<arg>\n${number}</arg>
<doc>Logs the given message to the console.</doc>
<status status="NOT RUN" starttime="20221228 14:00:48.829" endtime="20221228 14:00:48.829"/>
</kw>
<status status="NOT RUN" starttime="20221228 14:00:48.829" endtime="20221228 14:00:48.830"/>
</branch>
<status status="PASS" starttime="20221228 14:00:48.829" endtime="20221228 14:00:48.830"/>
</if>
<status status="PASS" starttime="20221228 14:00:48.829" endtime="20221228 14:00:48.830"/>
</iter>
<iter>
<var name="${number}">46</var>
<if>
<branch type="IF" condition="${number}%2==0">
<kw name="Log To Console" library="BuiltIn">
<arg>\n${number}</arg>
<doc>Logs the given message to the console.</doc>
<status status="PASS" starttime="20221228 14:00:48.830" endtime="20221228 14:00:48.830"/>
</kw>
<status status="PASS" starttime="20221228 14:00:48.830" endtime="20221228 14:00:48.831"/>
</branch>
<status status="PASS" starttime="20221228 14:00:48.830" endtime="20221228 14:00:48.831"/>
</if>
<status status="PASS" starttime="20221228 14:00:48.830" endtime="20221228 14:00:48.831"/>
</iter>
<iter>
<var name="${number}">47</var>
<if>
<branch type="IF" condition="${number}%2==0">
<kw name="Log To Console" library="BuiltIn">
<arg>\n${number}</arg>
<doc>Logs the given message to the console.</doc>
<status status="NOT RUN" starttime="20221228 14:00:48.831" endtime="20221228 14:00:48.831"/>
</kw>
<status status="NOT RUN" starttime="20221228 14:00:48.831" endtime="20221228 14:00:48.831"/>
</branch>
<status status="PASS" starttime="20221228 14:00:48.831" endtime="20221228 14:00:48.831"/>
</if>
<status status="PASS" starttime="20221228 14:00:48.831" endtime="20221228 14:00:48.831"/>
</iter>
<iter>
<var name="${number}">48</var>
<if>
<branch type="IF" condition="${number}%2==0">
<kw name="Log To Console" library="BuiltIn">
<arg>\n${number}</arg>
<doc>Logs the given message to the console.</doc>
<status status="PASS" starttime="20221228 14:00:48.832" endtime="20221228 14:00:48.832"/>
</kw>
<status status="PASS" starttime="20221228 14:00:48.832" endtime="20221228 14:00:48.832"/>
</branch>
<status status="PASS" starttime="20221228 14:00:48.831" endtime="20221228 14:00:48.832"/>
</if>
<status status="PASS" starttime="20221228 14:00:48.831" endtime="20221228 14:00:48.832"/>
</iter>
<iter>
<var name="${number}">49</var>
<if>
<branch type="IF" condition="${number}%2==0">
<kw name="Log To Console" library="BuiltIn">
<arg>\n${number}</arg>
<doc>Logs the given message to the console.</doc>
<status status="NOT RUN" starttime="20221228 14:00:48.833" endtime="20221228 14:00:48.833"/>
</kw>
<status status="NOT RUN" starttime="20221228 14:00:48.832" endtime="20221228 14:00:48.833"/>
</branch>
<status status="PASS" starttime="20221228 14:00:48.832" endtime="20221228 14:00:48.833"/>
</if>
<status status="PASS" starttime="20221228 14:00:48.832" endtime="20221228 14:00:48.833"/>
</iter>
<iter>
<var name="${number}">50</var>
<if>
<branch type="IF" condition="${number}%2==0">
<kw name="Log To Console" library="BuiltIn">
<arg>\n${number}</arg>
<doc>Logs the given message to the console.</doc>
<status status="PASS" starttime="20221228 14:00:48.833" endtime="20221228 14:00:48.834"/>
</kw>
<status status="PASS" starttime="20221228 14:00:48.833" endtime="20221228 14:00:48.834"/>
</branch>
<status status="PASS" starttime="20221228 14:00:48.833" endtime="20221228 14:00:48.834"/>
</if>
<status status="PASS" starttime="20221228 14:00:48.833" endtime="20221228 14:00:48.834"/>
</iter>
<iter>
<var name="${number}">51</var>
<if>
<branch type="IF" condition="${number}%2==0">
<kw name="Log To Console" library="BuiltIn">
<arg>\n${number}</arg>
<doc>Logs the given message to the console.</doc>
<status status="NOT RUN" starttime="20221228 14:00:48.834" endtime="20221228 14:00:48.835"/>
</kw>
<status status="NOT RUN" starttime="20221228 14:00:48.834" endtime="20221228 14:00:48.835"/>
</branch>
<status status="PASS" starttime="20221228 14:00:48.834" endtime="20221228 14:00:48.835"/>
</if>
<status status="PASS" starttime="20221228 14:00:48.834" endtime="20221228 14:00:48.835"/>
</iter>
<iter>
<var name="${number}">52</var>
<if>
<branch type="IF" condition="${number}%2==0">
<kw name="Log To Console" library="BuiltIn">
<arg>\n${number}</arg>
<doc>Logs the given message to the console.</doc>
<status status="PASS" starttime="20221228 14:00:48.835" endtime="20221228 14:00:48.835"/>
</kw>
<status status="PASS" starttime="20221228 14:00:48.835" endtime="20221228 14:00:48.836"/>
</branch>
<status status="PASS" starttime="20221228 14:00:48.835" endtime="20221228 14:00:48.836"/>
</if>
<status status="PASS" starttime="20221228 14:00:48.835" endtime="20221228 14:00:48.836"/>
</iter>
<iter>
<var name="${number}">53</var>
<if>
<branch type="IF" condition="${number}%2==0">
<kw name="Log To Console" library="BuiltIn">
<arg>\n${number}</arg>
<doc>Logs the given message to the console.</doc>
<status status="NOT RUN" starttime="20221228 14:00:48.836" endtime="20221228 14:00:48.836"/>
</kw>
<status status="NOT RUN" starttime="20221228 14:00:48.836" endtime="20221228 14:00:48.836"/>
</branch>
<status status="PASS" starttime="20221228 14:00:48.836" endtime="20221228 14:00:48.836"/>
</if>
<status status="PASS" starttime="20221228 14:00:48.836" endtime="20221228 14:00:48.837"/>
</iter>
<iter>
<var name="${number}">54</var>
<if>
<branch type="IF" condition="${number}%2==0">
<kw name="Log To Console" library="BuiltIn">
<arg>\n${number}</arg>
<doc>Logs the given message to the console.</doc>
<status status="PASS" starttime="20221228 14:00:48.837" endtime="20221228 14:00:48.837"/>
</kw>
<status status="PASS" starttime="20221228 14:00:48.837" endtime="20221228 14:00:48.837"/>
</branch>
<status status="PASS" starttime="20221228 14:00:48.837" endtime="20221228 14:00:48.837"/>
</if>
<status status="PASS" starttime="20221228 14:00:48.837" endtime="20221228 14:00:48.837"/>
</iter>
<iter>
<var name="${number}">55</var>
<if>
<branch type="IF" condition="${number}%2==0">
<kw name="Log To Console" library="BuiltIn">
<arg>\n${number}</arg>
<doc>Logs the given message to the console.</doc>
<status status="NOT RUN" starttime="20221228 14:00:48.838" endtime="20221228 14:00:48.838"/>
</kw>
<status status="NOT RUN" starttime="20221228 14:00:48.838" endtime="20221228 14:00:48.838"/>
</branch>
<status status="PASS" starttime="20221228 14:00:48.838" endtime="20221228 14:00:48.838"/>
</if>
<status status="PASS" starttime="20221228 14:00:48.837" endtime="20221228 14:00:48.838"/>
</iter>
<iter>
<var name="${number}">56</var>
<if>
<branch type="IF" condition="${number}%2==0">
<kw name="Log To Console" library="BuiltIn">
<arg>\n${number}</arg>
<doc>Logs the given message to the console.</doc>
<status status="PASS" starttime="20221228 14:00:48.838" endtime="20221228 14:00:48.839"/>
</kw>
<status status="PASS" starttime="20221228 14:00:48.838" endtime="20221228 14:00:48.839"/>
</branch>
<status status="PASS" starttime="20221228 14:00:48.838" endtime="20221228 14:00:48.839"/>
</if>
<status status="PASS" starttime="20221228 14:00:48.838" endtime="20221228 14:00:48.839"/>
</iter>
<iter>
<var name="${number}">57</var>
<if>
<branch type="IF" condition="${number}%2==0">
<kw name="Log To Console" library="BuiltIn">
<arg>\n${number}</arg>
<doc>Logs the given message to the console.</doc>
<status status="NOT RUN" starttime="20221228 14:00:48.839" endtime="20221228 14:00:48.840"/>
</kw>
<status status="NOT RUN" starttime="20221228 14:00:48.839" endtime="20221228 14:00:48.840"/>
</branch>
<status status="PASS" starttime="20221228 14:00:48.839" endtime="20221228 14:00:48.840"/>
</if>
<status status="PASS" starttime="20221228 14:00:48.839" endtime="20221228 14:00:48.840"/>
</iter>
<iter>
<var name="${number}">58</var>
<if>
<branch type="IF" condition="${number}%2==0">
<kw name="Log To Console" library="BuiltIn">
<arg>\n${number}</arg>
<doc>Logs the given message to the console.</doc>
<status status="PASS" starttime="20221228 14:00:48.841" endtime="20221228 14:00:48.842"/>
</kw>
<status status="PASS" starttime="20221228 14:00:48.841" endtime="20221228 14:00:48.842"/>
</branch>
<status status="PASS" starttime="20221228 14:00:48.841" endtime="20221228 14:00:48.842"/>
</if>
<status status="PASS" starttime="20221228 14:00:48.840" endtime="20221228 14:00:48.842"/>
</iter>
<iter>
<var name="${number}">59</var>
<if>
<branch type="IF" condition="${number}%2==0">
<kw name="Log To Console" library="BuiltIn">
<arg>\n${number}</arg>
<doc>Logs the given message to the console.</doc>
<status status="NOT RUN" starttime="20221228 14:00:48.843" endtime="20221228 14:00:48.843"/>
</kw>
<status status="NOT RUN" starttime="20221228 14:00:48.843" endtime="20221228 14:00:48.844"/>
</branch>
<status status="PASS" starttime="20221228 14:00:48.843" endtime="20221228 14:00:48.844"/>
</if>
<status status="PASS" starttime="20221228 14:00:48.843" endtime="20221228 14:00:48.844"/>
</iter>
<iter>
<var name="${number}">60</var>
<if>
<branch type="IF" condition="${number}%2==0">
<kw name="Log To Console" library="BuiltIn">
<arg>\n${number}</arg>
<doc>Logs the given message to the console.</doc>
<status status="PASS" starttime="20221228 14:00:48.844" endtime="20221228 14:00:48.845"/>
</kw>
<status status="PASS" starttime="20221228 14:00:48.844" endtime="20221228 14:00:48.845"/>
</branch>
<status status="PASS" starttime="20221228 14:00:48.844" endtime="20221228 14:00:48.845"/>
</if>
<status status="PASS" starttime="20221228 14:00:48.844" endtime="20221228 14:00:48.845"/>
</iter>
<iter>
<var name="${number}">61</var>
<if>
<branch type="IF" condition="${number}%2==0">
<kw name="Log To Console" library="BuiltIn">
<arg>\n${number}</arg>
<doc>Logs the given message to the console.</doc>
<status status="NOT RUN" starttime="20221228 14:00:48.845" endtime="20221228 14:00:48.845"/>
</kw>
<status status="NOT RUN" starttime="20221228 14:00:48.845" endtime="20221228 14:00:48.846"/>
</branch>
<status status="PASS" starttime="20221228 14:00:48.845" endtime="20221228 14:00:48.846"/>
</if>
<status status="PASS" starttime="20221228 14:00:48.845" endtime="20221228 14:00:48.846"/>
</iter>
<iter>
<var name="${number}">62</var>
<if>
<branch type="IF" condition="${number}%2==0">
<kw name="Log To Console" library="BuiltIn">
<arg>\n${number}</arg>
<doc>Logs the given message to the console.</doc>
<status status="PASS" starttime="20221228 14:00:48.846" endtime="20221228 14:00:48.847"/>
</kw>
<status status="PASS" starttime="20221228 14:00:48.846" endtime="20221228 14:00:48.847"/>
</branch>
<status status="PASS" starttime="20221228 14:00:48.846" endtime="20221228 14:00:48.847"/>
</if>
<status status="PASS" starttime="20221228 14:00:48.846" endtime="20221228 14:00:48.847"/>
</iter>
<iter>
<var name="${number}">63</var>
<if>
<branch type="IF" condition="${number}%2==0">
<kw name="Log To Console" library="BuiltIn">
<arg>\n${number}</arg>
<doc>Logs the given message to the console.</doc>
<status status="NOT RUN" starttime="20221228 14:00:48.847" endtime="20221228 14:00:48.847"/>
</kw>
<status status="NOT RUN" starttime="20221228 14:00:48.847" endtime="20221228 14:00:48.847"/>
</branch>
<status status="PASS" starttime="20221228 14:00:48.847" endtime="20221228 14:00:48.847"/>
</if>
<status status="PASS" starttime="20221228 14:00:48.847" endtime="20221228 14:00:48.847"/>
</iter>
<iter>
<var name="${number}">64</var>
<if>
<branch type="IF" condition="${number}%2==0">
<kw name="Log To Console" library="BuiltIn">
<arg>\n${number}</arg>
<doc>Logs the given message to the console.</doc>
<status status="PASS" starttime="20221228 14:00:48.848" endtime="20221228 14:00:48.848"/>
</kw>
<status status="PASS" starttime="20221228 14:00:48.848" endtime="20221228 14:00:48.848"/>
</branch>
<status status="PASS" starttime="20221228 14:00:48.848" endtime="20221228 14:00:48.849"/>
</if>
<status status="PASS" starttime="20221228 14:00:48.848" endtime="20221228 14:00:48.849"/>
</iter>
<iter>
<var name="${number}">65</var>
<if>
<branch type="IF" condition="${number}%2==0">
<kw name="Log To Console" library="BuiltIn">
<arg>\n${number}</arg>
<doc>Logs the given message to the console.</doc>
<status status="NOT RUN" starttime="20221228 14:00:48.849" endtime="20221228 14:00:48.849"/>
</kw>
<status status="NOT RUN" starttime="20221228 14:00:48.849" endtime="20221228 14:00:48.849"/>
</branch>
<status status="PASS" starttime="20221228 14:00:48.849" endtime="20221228 14:00:48.849"/>
</if>
<status status="PASS" starttime="20221228 14:00:48.849" endtime="20221228 14:00:48.849"/>
</iter>
<iter>
<var name="${number}">66</var>
<if>
<branch type="IF" condition="${number}%2==0">
<kw name="Log To Console" library="BuiltIn">
<arg>\n${number}</arg>
<doc>Logs the given message to the console.</doc>
<status status="PASS" starttime="20221228 14:00:48.850" endtime="20221228 14:00:48.850"/>
</kw>
<status status="PASS" starttime="20221228 14:00:48.850" endtime="20221228 14:00:48.850"/>
</branch>
<status status="PASS" starttime="20221228 14:00:48.850" endtime="20221228 14:00:48.850"/>
</if>
<status status="PASS" starttime="20221228 14:00:48.849" endtime="20221228 14:00:48.850"/>
</iter>
<iter>
<var name="${number}">67</var>
<if>
<branch type="IF" condition="${number}%2==0">
<kw name="Log To Console" library="BuiltIn">
<arg>\n${number}</arg>
<doc>Logs the given message to the console.</doc>
<status status="NOT RUN" starttime="20221228 14:00:48.851" endtime="20221228 14:00:48.851"/>
</kw>
<status status="NOT RUN" starttime="20221228 14:00:48.851" endtime="20221228 14:00:48.851"/>
</branch>
<status status="PASS" starttime="20221228 14:00:48.851" endtime="20221228 14:00:48.851"/>
</if>
<status status="PASS" starttime="20221228 14:00:48.850" endtime="20221228 14:00:48.851"/>
</iter>
<iter>
<var name="${number}">68</var>
<if>
<branch type="IF" condition="${number}%2==0">
<kw name="Log To Console" library="BuiltIn">
<arg>\n${number}</arg>
<doc>Logs the given message to the console.</doc>
<status status="PASS" starttime="20221228 14:00:48.851" endtime="20221228 14:00:48.852"/>
</kw>
<status status="PASS" starttime="20221228 14:00:48.851" endtime="20221228 14:00:48.852"/>
</branch>
<status status="PASS" starttime="20221228 14:00:48.851" endtime="20221228 14:00:48.852"/>
</if>
<status status="PASS" starttime="20221228 14:00:48.851" endtime="20221228 14:00:48.852"/>
</iter>
<iter>
<var name="${number}">69</var>
<if>
<branch type="IF" condition="${number}%2==0">
<kw name="Log To Console" library="BuiltIn">
<arg>\n${number}</arg>
<doc>Logs the given message to the console.</doc>
<status status="NOT RUN" starttime="20221228 14:00:48.852" endtime="20221228 14:00:48.853"/>
</kw>
<status status="NOT RUN" starttime="20221228 14:00:48.852" endtime="20221228 14:00:48.853"/>
</branch>
<status status="PASS" starttime="20221228 14:00:48.852" endtime="20221228 14:00:48.853"/>
</if>
<status status="PASS" starttime="20221228 14:00:48.852" endtime="20221228 14:00:48.853"/>
</iter>
<iter>
<var name="${number}">70</var>
<if>
<branch type="IF" condition="${number}%2==0">
<kw name="Log To Console" library="BuiltIn">
<arg>\n${number}</arg>
<doc>Logs the given message to the console.</doc>
<status status="PASS" starttime="20221228 14:00:48.853" endtime="20221228 14:00:48.853"/>
</kw>
<status status="PASS" starttime="20221228 14:00:48.853" endtime="20221228 14:00:48.854"/>
</branch>
<status status="PASS" starttime="20221228 14:00:48.853" endtime="20221228 14:00:48.854"/>
</if>
<status status="PASS" starttime="20221228 14:00:48.853" endtime="20221228 14:00:48.854"/>
</iter>
<iter>
<var name="${number}">71</var>
<if>
<branch type="IF" condition="${number}%2==0">
<kw name="Log To Console" library="BuiltIn">
<arg>\n${number}</arg>
<doc>Logs the given message to the console.</doc>
<status status="NOT RUN" starttime="20221228 14:00:48.854" endtime="20221228 14:00:48.855"/>
</kw>
<status status="NOT RUN" starttime="20221228 14:00:48.854" endtime="20221228 14:00:48.855"/>
</branch>
<status status="PASS" starttime="20221228 14:00:48.854" endtime="20221228 14:00:48.855"/>
</if>
<status status="PASS" starttime="20221228 14:00:48.854" endtime="20221228 14:00:48.855"/>
</iter>
<iter>
<var name="${number}">72</var>
<if>
<branch type="IF" condition="${number}%2==0">
<kw name="Log To Console" library="BuiltIn">
<arg>\n${number}</arg>
<doc>Logs the given message to the console.</doc>
<status status="PASS" starttime="20221228 14:00:48.856" endtime="20221228 14:00:48.856"/>
</kw>
<status status="PASS" starttime="20221228 14:00:48.855" endtime="20221228 14:00:48.856"/>
</branch>
<status status="PASS" starttime="20221228 14:00:48.855" endtime="20221228 14:00:48.856"/>
</if>
<status status="PASS" starttime="20221228 14:00:48.855" endtime="20221228 14:00:48.856"/>
</iter>
<iter>
<var name="${number}">73</var>
<if>
<branch type="IF" condition="${number}%2==0">
<kw name="Log To Console" library="BuiltIn">
<arg>\n${number}</arg>
<doc>Logs the given message to the console.</doc>
<status status="NOT RUN" starttime="20221228 14:00:48.857" endtime="20221228 14:00:48.857"/>
</kw>
<status status="NOT RUN" starttime="20221228 14:00:48.857" endtime="20221228 14:00:48.857"/>
</branch>
<status status="PASS" starttime="20221228 14:00:48.857" endtime="20221228 14:00:48.858"/>
</if>
<status status="PASS" starttime="20221228 14:00:48.856" endtime="20221228 14:00:48.858"/>
</iter>
<iter>
<var name="${number}">74</var>
<if>
<branch type="IF" condition="${number}%2==0">
<kw name="Log To Console" library="BuiltIn">
<arg>\n${number}</arg>
<doc>Logs the given message to the console.</doc>
<status status="PASS" starttime="20221228 14:00:48.858" endtime="20221228 14:00:48.859"/>
</kw>
<status status="PASS" starttime="20221228 14:00:48.858" endtime="20221228 14:00:48.859"/>
</branch>
<status status="PASS" starttime="20221228 14:00:48.858" endtime="20221228 14:00:48.859"/>
</if>
<status status="PASS" starttime="20221228 14:00:48.858" endtime="20221228 14:00:48.859"/>
</iter>
<iter>
<var name="${number}">75</var>
<if>
<branch type="IF" condition="${number}%2==0">
<kw name="Log To Console" library="BuiltIn">
<arg>\n${number}</arg>
<doc>Logs the given message to the console.</doc>
<status status="NOT RUN" starttime="20221228 14:00:48.860" endtime="20221228 14:00:48.861"/>
</kw>
<status status="NOT RUN" starttime="20221228 14:00:48.860" endtime="20221228 14:00:48.861"/>
</branch>
<status status="PASS" starttime="20221228 14:00:48.860" endtime="20221228 14:00:48.861"/>
</if>
<status status="PASS" starttime="20221228 14:00:48.860" endtime="20221228 14:00:48.861"/>
</iter>
<iter>
<var name="${number}">76</var>
<if>
<branch type="IF" condition="${number}%2==0">
<kw name="Log To Console" library="BuiltIn">
<arg>\n${number}</arg>
<doc>Logs the given message to the console.</doc>
<status status="PASS" starttime="20221228 14:00:48.862" endtime="20221228 14:00:48.862"/>
</kw>
<status status="PASS" starttime="20221228 14:00:48.861" endtime="20221228 14:00:48.862"/>
</branch>
<status status="PASS" starttime="20221228 14:00:48.861" endtime="20221228 14:00:48.862"/>
</if>
<status status="PASS" starttime="20221228 14:00:48.861" endtime="20221228 14:00:48.862"/>
</iter>
<iter>
<var name="${number}">77</var>
<if>
<branch type="IF" condition="${number}%2==0">
<kw name="Log To Console" library="BuiltIn">
<arg>\n${number}</arg>
<doc>Logs the given message to the console.</doc>
<status status="NOT RUN" starttime="20221228 14:00:48.863" endtime="20221228 14:00:48.863"/>
</kw>
<status status="NOT RUN" starttime="20221228 14:00:48.863" endtime="20221228 14:00:48.863"/>
</branch>
<status status="PASS" starttime="20221228 14:00:48.862" endtime="20221228 14:00:48.863"/>
</if>
<status status="PASS" starttime="20221228 14:00:48.862" endtime="20221228 14:00:48.863"/>
</iter>
<iter>
<var name="${number}">78</var>
<if>
<branch type="IF" condition="${number}%2==0">
<kw name="Log To Console" library="BuiltIn">
<arg>\n${number}</arg>
<doc>Logs the given message to the console.</doc>
<status status="PASS" starttime="20221228 14:00:48.864" endtime="20221228 14:00:48.864"/>
</kw>
<status status="PASS" starttime="20221228 14:00:48.863" endtime="20221228 14:00:48.864"/>
</branch>
<status status="PASS" starttime="20221228 14:00:48.863" endtime="20221228 14:00:48.864"/>
</if>
<status status="PASS" starttime="20221228 14:00:48.863" endtime="20221228 14:00:48.864"/>
</iter>
<iter>
<var name="${number}">79</var>
<if>
<branch type="IF" condition="${number}%2==0">
<kw name="Log To Console" library="BuiltIn">
<arg>\n${number}</arg>
<doc>Logs the given message to the console.</doc>
<status status="NOT RUN" starttime="20221228 14:00:48.865" endtime="20221228 14:00:48.865"/>
</kw>
<status status="NOT RUN" starttime="20221228 14:00:48.864" endtime="20221228 14:00:48.865"/>
</branch>
<status status="PASS" starttime="20221228 14:00:48.864" endtime="20221228 14:00:48.865"/>
</if>
<status status="PASS" starttime="20221228 14:00:48.864" endtime="20221228 14:00:48.865"/>
</iter>
<iter>
<var name="${number}">80</var>
<if>
<branch type="IF" condition="${number}%2==0">
<kw name="Log To Console" library="BuiltIn">
<arg>\n${number}</arg>
<doc>Logs the given message to the console.</doc>
<status status="PASS" starttime="20221228 14:00:48.865" endtime="20221228 14:00:48.866"/>
</kw>
<status status="PASS" starttime="20221228 14:00:48.865" endtime="20221228 14:00:48.866"/>
</branch>
<status status="PASS" starttime="20221228 14:00:48.865" endtime="20221228 14:00:48.866"/>
</if>
<status status="PASS" starttime="20221228 14:00:48.865" endtime="20221228 14:00:48.866"/>
</iter>
<iter>
<var name="${number}">81</var>
<if>
<branch type="IF" condition="${number}%2==0">
<kw name="Log To Console" library="BuiltIn">
<arg>\n${number}</arg>
<doc>Logs the given message to the console.</doc>
<status status="NOT RUN" starttime="20221228 14:00:48.866" endtime="20221228 14:00:48.866"/>
</kw>
<status status="NOT RUN" starttime="20221228 14:00:48.866" endtime="20221228 14:00:48.866"/>
</branch>
<status status="PASS" starttime="20221228 14:00:48.866" endtime="20221228 14:00:48.866"/>
</if>
<status status="PASS" starttime="20221228 14:00:48.866" endtime="20221228 14:00:48.866"/>
</iter>
<iter>
<var name="${number}">82</var>
<if>
<branch type="IF" condition="${number}%2==0">
<kw name="Log To Console" library="BuiltIn">
<arg>\n${number}</arg>
<doc>Logs the given message to the console.</doc>
<status status="PASS" starttime="20221228 14:00:48.867" endtime="20221228 14:00:48.867"/>
</kw>
<status status="PASS" starttime="20221228 14:00:48.867" endtime="20221228 14:00:48.867"/>
</branch>
<status status="PASS" starttime="20221228 14:00:48.867" endtime="20221228 14:00:48.867"/>
</if>
<status status="PASS" starttime="20221228 14:00:48.867" endtime="20221228 14:00:48.867"/>
</iter>
<iter>
<var name="${number}">83</var>
<if>
<branch type="IF" condition="${number}%2==0">
<kw name="Log To Console" library="BuiltIn">
<arg>\n${number}</arg>
<doc>Logs the given message to the console.</doc>
<status status="NOT RUN" starttime="20221228 14:00:48.868" endtime="20221228 14:00:48.868"/>
</kw>
<status status="NOT RUN" starttime="20221228 14:00:48.868" endtime="20221228 14:00:48.868"/>
</branch>
<status status="PASS" starttime="20221228 14:00:48.867" endtime="20221228 14:00:48.868"/>
</if>
<status status="PASS" starttime="20221228 14:00:48.867" endtime="20221228 14:00:48.868"/>
</iter>
<iter>
<var name="${number}">84</var>
<if>
<branch type="IF" condition="${number}%2==0">
<kw name="Log To Console" library="BuiltIn">
<arg>\n${number}</arg>
<doc>Logs the given message to the console.</doc>
<status status="PASS" starttime="20221228 14:00:48.868" endtime="20221228 14:00:48.869"/>
</kw>
<status status="PASS" starttime="20221228 14:00:48.868" endtime="20221228 14:00:48.869"/>
</branch>
<status status="PASS" starttime="20221228 14:00:48.868" endtime="20221228 14:00:48.869"/>
</if>
<status status="PASS" starttime="20221228 14:00:48.868" endtime="20221228 14:00:48.869"/>
</iter>
<iter>
<var name="${number}">85</var>
<if>
<branch type="IF" condition="${number}%2==0">
<kw name="Log To Console" library="BuiltIn">
<arg>\n${number}</arg>
<doc>Logs the given message to the console.</doc>
<status status="NOT RUN" starttime="20221228 14:00:48.870" endtime="20221228 14:00:48.870"/>
</kw>
<status status="NOT RUN" starttime="20221228 14:00:48.869" endtime="20221228 14:00:48.870"/>
</branch>
<status status="PASS" starttime="20221228 14:00:48.869" endtime="20221228 14:00:48.870"/>
</if>
<status status="PASS" starttime="20221228 14:00:48.869" endtime="20221228 14:00:48.870"/>
</iter>
<iter>
<var name="${number}">86</var>
<if>
<branch type="IF" condition="${number}%2==0">
<kw name="Log To Console" library="BuiltIn">
<arg>\n${number}</arg>
<doc>Logs the given message to the console.</doc>
<status status="PASS" starttime="20221228 14:00:48.871" endtime="20221228 14:00:48.871"/>
</kw>
<status status="PASS" starttime="20221228 14:00:48.871" endtime="20221228 14:00:48.871"/>
</branch>
<status status="PASS" starttime="20221228 14:00:48.870" endtime="20221228 14:00:48.872"/>
</if>
<status status="PASS" starttime="20221228 14:00:48.870" endtime="20221228 14:00:48.872"/>
</iter>
<iter>
<var name="${number}">87</var>
<if>
<branch type="IF" condition="${number}%2==0">
<kw name="Log To Console" library="BuiltIn">
<arg>\n${number}</arg>
<doc>Logs the given message to the console.</doc>
<status status="NOT RUN" starttime="20221228 14:00:48.872" endtime="20221228 14:00:48.872"/>
</kw>
<status status="NOT RUN" starttime="20221228 14:00:48.872" endtime="20221228 14:00:48.873"/>
</branch>
<status status="PASS" starttime="20221228 14:00:48.872" endtime="20221228 14:00:48.873"/>
</if>
<status status="PASS" starttime="20221228 14:00:48.872" endtime="20221228 14:00:48.873"/>
</iter>
<iter>
<var name="${number}">88</var>
<if>
<branch type="IF" condition="${number}%2==0">
<kw name="Log To Console" library="BuiltIn">
<arg>\n${number}</arg>
<doc>Logs the given message to the console.</doc>
<status status="PASS" starttime="20221228 14:00:48.874" endtime="20221228 14:00:48.874"/>
</kw>
<status status="PASS" starttime="20221228 14:00:48.873" endtime="20221228 14:00:48.874"/>
</branch>
<status status="PASS" starttime="20221228 14:00:48.873" endtime="20221228 14:00:48.874"/>
</if>
<status status="PASS" starttime="20221228 14:00:48.873" endtime="20221228 14:00:48.874"/>
</iter>
<iter>
<var name="${number}">89</var>
<if>
<branch type="IF" condition="${number}%2==0">
<kw name="Log To Console" library="BuiltIn">
<arg>\n${number}</arg>
<doc>Logs the given message to the console.</doc>
<status status="NOT RUN" starttime="20221228 14:00:48.875" endtime="20221228 14:00:48.876"/>
</kw>
<status status="NOT RUN" starttime="20221228 14:00:48.875" endtime="20221228 14:00:48.876"/>
</branch>
<status status="PASS" starttime="20221228 14:00:48.875" endtime="20221228 14:00:48.876"/>
</if>
<status status="PASS" starttime="20221228 14:00:48.875" endtime="20221228 14:00:48.876"/>
</iter>
<iter>
<var name="${number}">90</var>
<if>
<branch type="IF" condition="${number}%2==0">
<kw name="Log To Console" library="BuiltIn">
<arg>\n${number}</arg>
<doc>Logs the given message to the console.</doc>
<status status="PASS" starttime="20221228 14:00:48.877" endtime="20221228 14:00:48.877"/>
</kw>
<status status="PASS" starttime="20221228 14:00:48.877" endtime="20221228 14:00:48.877"/>
</branch>
<status status="PASS" starttime="20221228 14:00:48.876" endtime="20221228 14:00:48.878"/>
</if>
<status status="PASS" starttime="20221228 14:00:48.876" endtime="20221228 14:00:48.878"/>
</iter>
<iter>
<var name="${number}">91</var>
<if>
<branch type="IF" condition="${number}%2==0">
<kw name="Log To Console" library="BuiltIn">
<arg>\n${number}</arg>
<doc>Logs the given message to the console.</doc>
<status status="NOT RUN" starttime="20221228 14:00:48.878" endtime="20221228 14:00:48.879"/>
</kw>
<status status="NOT RUN" starttime="20221228 14:00:48.878" endtime="20221228 14:00:48.879"/>
</branch>
<status status="PASS" starttime="20221228 14:00:48.878" endtime="20221228 14:00:48.879"/>
</if>
<status status="PASS" starttime="20221228 14:00:48.878" endtime="20221228 14:00:48.879"/>
</iter>
<iter>
<var name="${number}">92</var>
<if>
<branch type="IF" condition="${number}%2==0">
<kw name="Log To Console" library="BuiltIn">
<arg>\n${number}</arg>
<doc>Logs the given message to the console.</doc>
<status status="PASS" starttime="20221228 14:00:48.879" endtime="20221228 14:00:48.880"/>
</kw>
<status status="PASS" starttime="20221228 14:00:48.879" endtime="20221228 14:00:48.880"/>
</branch>
<status status="PASS" starttime="20221228 14:00:48.879" endtime="20221228 14:00:48.880"/>
</if>
<status status="PASS" starttime="20221228 14:00:48.879" endtime="20221228 14:00:48.880"/>
</iter>
<iter>
<var name="${number}">93</var>
<if>
<branch type="IF" condition="${number}%2==0">
<kw name="Log To Console" library="BuiltIn">
<arg>\n${number}</arg>
<doc>Logs the given message to the console.</doc>
<status status="NOT RUN" starttime="20221228 14:00:48.880" endtime="20221228 14:00:48.880"/>
</kw>
<status status="NOT RUN" starttime="20221228 14:00:48.880" endtime="20221228 14:00:48.880"/>
</branch>
<status status="PASS" starttime="20221228 14:00:48.880" endtime="20221228 14:00:48.880"/>
</if>
<status status="PASS" starttime="20221228 14:00:48.880" endtime="20221228 14:00:48.881"/>
</iter>
<iter>
<var name="${number}">94</var>
<if>
<branch type="IF" condition="${number}%2==0">
<kw name="Log To Console" library="BuiltIn">
<arg>\n${number}</arg>
<doc>Logs the given message to the console.</doc>
<status status="PASS" starttime="20221228 14:00:48.881" endtime="20221228 14:00:48.881"/>
</kw>
<status status="PASS" starttime="20221228 14:00:48.881" endtime="20221228 14:00:48.881"/>
</branch>
<status status="PASS" starttime="20221228 14:00:48.881" endtime="20221228 14:00:48.881"/>
</if>
<status status="PASS" starttime="20221228 14:00:48.881" endtime="20221228 14:00:48.882"/>
</iter>
<iter>
<var name="${number}">95</var>
<if>
<branch type="IF" condition="${number}%2==0">
<kw name="Log To Console" library="BuiltIn">
<arg>\n${number}</arg>
<doc>Logs the given message to the console.</doc>
<status status="NOT RUN" starttime="20221228 14:00:48.882" endtime="20221228 14:00:48.882"/>
</kw>
<status status="NOT RUN" starttime="20221228 14:00:48.882" endtime="20221228 14:00:48.882"/>
</branch>
<status status="PASS" starttime="20221228 14:00:48.882" endtime="20221228 14:00:48.882"/>
</if>
<status status="PASS" starttime="20221228 14:00:48.882" endtime="20221228 14:00:48.882"/>
</iter>
<iter>
<var name="${number}">96</var>
<if>
<branch type="IF" condition="${number}%2==0">
<kw name="Log To Console" library="BuiltIn">
<arg>\n${number}</arg>
<doc>Logs the given message to the console.</doc>
<status status="PASS" starttime="20221228 14:00:48.883" endtime="20221228 14:00:48.883"/>
</kw>
<status status="PASS" starttime="20221228 14:00:48.883" endtime="20221228 14:00:48.883"/>
</branch>
<status status="PASS" starttime="20221228 14:00:48.882" endtime="20221228 14:00:48.883"/>
</if>
<status status="PASS" starttime="20221228 14:00:48.882" endtime="20221228 14:00:48.883"/>
</iter>
<iter>
<var name="${number}">97</var>
<if>
<branch type="IF" condition="${number}%2==0">
<kw name="Log To Console" library="BuiltIn">
<arg>\n${number}</arg>
<doc>Logs the given message to the console.</doc>
<status status="NOT RUN" starttime="20221228 14:00:48.884" endtime="20221228 14:00:48.884"/>
</kw>
<status status="NOT RUN" starttime="20221228 14:00:48.883" endtime="20221228 14:00:48.884"/>
</branch>
<status status="PASS" starttime="20221228 14:00:48.883" endtime="20221228 14:00:48.884"/>
</if>
<status status="PASS" starttime="20221228 14:00:48.883" endtime="20221228 14:00:48.884"/>
</iter>
<iter>
<var name="${number}">98</var>
<if>
<branch type="IF" condition="${number}%2==0">
<kw name="Log To Console" library="BuiltIn">
<arg>\n${number}</arg>
<doc>Logs the given message to the console.</doc>
<status status="PASS" starttime="20221228 14:00:48.884" endtime="20221228 14:00:48.885"/>
</kw>
<status status="PASS" starttime="20221228 14:00:48.884" endtime="20221228 14:00:48.885"/>
</branch>
<status status="PASS" starttime="20221228 14:00:48.884" endtime="20221228 14:00:48.885"/>
</if>
<status status="PASS" starttime="20221228 14:00:48.884" endtime="20221228 14:00:48.885"/>
</iter>
<iter>
<var name="${number}">99</var>
<if>
<branch type="IF" condition="${number}%2==0">
<kw name="Log To Console" library="BuiltIn">
<arg>\n${number}</arg>
<doc>Logs the given message to the console.</doc>
<status status="NOT RUN" starttime="20221228 14:00:48.885" endtime="20221228 14:00:48.885"/>
</kw>
<status status="NOT RUN" starttime="20221228 14:00:48.885" endtime="20221228 14:00:48.886"/>
</branch>
<status status="PASS" starttime="20221228 14:00:48.885" endtime="20221228 14:00:48.886"/>
</if>
<status status="PASS" starttime="20221228 14:00:48.885" endtime="20221228 14:00:48.886"/>
</iter>
<status status="PASS" starttime="20221228 14:00:48.784" endtime="20221228 14:00:48.886"/>
</for>
<status status="PASS" starttime="20221228 14:00:48.751" endtime="20221228 14:00:48.886"/>
</test>
<status status="PASS" starttime="20221228 14:00:48.745" endtime="20221228 14:00:48.886"/>
</suite>
<status status="PASS" starttime="20221228 14:00:48.728" endtime="20221228 14:00:48.887"/>
</suite>
<statistics>
<total>
<stat pass="1" fail="0" skip="0">All Tests</stat>
</total>
<tag>
</tag>
<suite>
<stat pass="1" fail="0" skip="0" id="s1" name="robotFramework">robotFramework</stat>
<stat pass="1" fail="0" skip="0" id="s1-s1" name="C02 Collections">robotFramework.C02 Collections</stat>
</suite>
</statistics>
<errors>
</errors>
</robot>
